2025-09-01 18:41:34 INFO    __main__ [9751]: Starting case Re=100000 L=14 -> outdir=output_Re_100000_L_14
2025-09-01 18:41:42 INFO    silsoe_cube [9751]: create_data_handling: RSS after 144.31 MB (Δ 0.00 MB) elapsed 0.007s
2025-09-01 18:41:42 INFO    silsoe_cube [9751]: add_arrays_and_fill: RSS after 937.80 MB (Δ 793.49 MB) elapsed 0.498s
2025-09-01 18:41:51 INFO    silsoe_cube [9751]: create_lb_model: RSS after 940.55 MB (Δ 2.50 MB) elapsed 8.459s
2025-09-01 18:46:00 INFO    silsoe_cube [9751]: kernel_init_compile_and_run: RSS after 957.05 MB (Δ 4.25 MB) elapsed 46.416s
2025-09-01 18:54:25 INFO    silsoe_cube [9751]: kernel_update_compile_and_run: RSS after 962.30 MB (Δ 0.25 MB) elapsed 33.455s
2025-09-01 18:54:30 INFO    silsoe_cube [9751]: Running simulation for Re=100000, output to output_Re_100000_L_14
2025-09-01 19:03:31 INFO    silsoe_cube [9751]: main_simulation_loop: RSS after 1047.73 MB (Δ 77.05 MB) elapsed 540.406s
2025-09-01 19:03:36 INFO    silsoe_cube [9751]: Simulation completed in 545.51s
2025-09-01 19:03:36 INFO    __main__ [9751]: Completed case Re=100000 L=14; output directory: output_Re_100000_L_14
2025-09-01 19:03:36 INFO    __main__ [9751]: Starting case Re=100000 L=28 -> outdir=output_Re_100000_L_28
2025-09-01 19:03:36 INFO    silsoe_cube [9751]: create_data_handling: RSS after 254.45 MB (Δ 0.00 MB) elapsed 0.006s
2025-09-01 19:03:39 INFO    silsoe_cube [9751]: add_arrays_and_fill: RSS after 6427.71 MB (Δ 6173.26 MB) elapsed 3.411s
2025-09-01 19:03:47 INFO    silsoe_cube [9751]: create_lb_model: RSS after 6427.71 MB (Δ 0.00 MB) elapsed 7.490s
2025-09-01 19:06:56 INFO    silsoe_cube [9751]: kernel_init_compile_and_run: RSS after 6427.71 MB (Δ 0.00 MB) elapsed 48.321s
2025-09-01 19:15:14 INFO    silsoe_cube [9751]: kernel_update_compile_and_run: RSS after 6427.71 MB (Δ 0.00 MB) elapsed 26.650s
2025-09-01 19:15:20 INFO    silsoe_cube [9751]: Running simulation for Re=100000, output to output_Re_100000_L_28
2025-09-01 19:33:11 INFO    silsoe_cube [9751]: main_simulation_loop: RSS after 6526.30 MB (Δ 59.18 MB) elapsed 1071.747s
2025-09-01 19:33:40 INFO    __main__ [9845]: Starting case Re=100000 L=14 -> outdir=output_Re_100000_L_14
2025-09-01 19:33:40 INFO    silsoe_cube [9845]: create_data_handling: RSS after 144.54 MB (Δ 0.00 MB) elapsed 0.001s
2025-09-01 19:33:41 INFO    silsoe_cube [9845]: add_arrays_and_fill: RSS after 938.14 MB (Δ 793.59 MB) elapsed 0.452s
2025-09-01 19:33:41 INFO    silsoe_cube [9845]: create_lb_model: RSS after 939.14 MB (Δ 1.00 MB) elapsed 0.491s
2025-09-01 19:33:53 INFO    silsoe_cube [9845]: kernel_init_compile_and_run: RSS after 954.39 MB (Δ 3.50 MB) elapsed 2.324s
2025-09-01 19:33:55 INFO    silsoe_cube [9845]: kernel_update_compile_and_run: RSS after 959.14 MB (Δ 0.25 MB) elapsed 2.390s
2025-09-01 19:33:56 INFO    silsoe_cube [9845]: Running simulation for Re=100000, output to output_Re_100000_L_14
2025-09-01 19:34:24 INFO    silsoe_cube [9845]: main_simulation_loop: RSS after 979.56 MB (Δ 12.55 MB) elapsed 27.961s
